

Microchip Technology PIC LITE Macro Assembler V1.35 build -356382666 
                                                                                               Mon Jan 25 14:27:36 2016

Microchip Technology Omniscient Code Generator v1.35 (Free mode) build 201507080246
     1                           	processor	12F1840
     2                           	opt	pw 120
     3                           	opt	lm
     4                           	psect	cinit,global,class=CODE,merge=1,delta=2
     5                           	psect	bssCOMMON,global,class=COMMON,space=1,delta=1
     6                           	psect	bssBANK0,global,class=BANK0,space=1,delta=1
     7                           	psect	cstackCOMMON,global,class=COMMON,space=1,delta=1
     8                           	psect	cstackBANK0,global,class=BANK0,space=1,delta=1
     9                           	psect	maintext,global,class=CODE,merge=1,split=1,delta=2
    10                           	psect	intentry,global,class=CODE,delta=2
    11                           	dabs	1,0x7E,2
    12  0000                     	;# 
    13  0001                     	;# 
    14  0002                     	;# 
    15  0003                     	;# 
    16  0004                     	;# 
    17  0005                     	;# 
    18  0006                     	;# 
    19  0007                     	;# 
    20  0008                     	;# 
    21  0009                     	;# 
    22  000A                     	;# 
    23  000B                     	;# 
    24  000C                     	;# 
    25  0011                     	;# 
    26  0012                     	;# 
    27  0015                     	;# 
    28  0016                     	;# 
    29  0016                     	;# 
    30  0017                     	;# 
    31  0018                     	;# 
    32  0019                     	;# 
    33  001A                     	;# 
    34  001B                     	;# 
    35  001C                     	;# 
    36  001E                     	;# 
    37  001F                     	;# 
    38  008C                     	;# 
    39  0091                     	;# 
    40  0092                     	;# 
    41  0095                     	;# 
    42  0096                     	;# 
    43  0097                     	;# 
    44  0098                     	;# 
    45  0099                     	;# 
    46  009A                     	;# 
    47  009B                     	;# 
    48  009B                     	;# 
    49  009C                     	;# 
    50  009D                     	;# 
    51  009E                     	;# 
    52  010C                     	;# 
    53  0111                     	;# 
    54  0112                     	;# 
    55  0115                     	;# 
    56  0116                     	;# 
    57  0117                     	;# 
    58  0118                     	;# 
    59  0119                     	;# 
    60  011A                     	;# 
    61  011B                     	;# 
    62  011D                     	;# 
    63  011D                     	;# 
    64  018C                     	;# 
    65  0191                     	;# 
    66  0191                     	;# 
    67  0192                     	;# 
    68  0193                     	;# 
    69  0193                     	;# 
    70  0193                     	;# 
    71  0194                     	;# 
    72  0195                     	;# 
    73  0196                     	;# 
    74  0197                     	;# 
    75  0199                     	;# 
    76  019A                     	;# 
    77  019B                     	;# 
    78  019B                     	;# 
    79  019B                     	;# 
    80  019B                     	;# 
    81  019C                     	;# 
    82  019C                     	;# 
    83  019D                     	;# 
    84  019E                     	;# 
    85  019F                     	;# 
    86  020C                     	;# 
    87  0211                     	;# 
    88  0211                     	;# 
    89  0212                     	;# 
    90  0212                     	;# 
    91  0213                     	;# 
    92  0213                     	;# 
    93  0214                     	;# 
    94  0214                     	;# 
    95  0215                     	;# 
    96  0215                     	;# 
    97  0215                     	;# 
    98  0216                     	;# 
    99  0216                     	;# 
   100  0217                     	;# 
   101  0217                     	;# 
   102  0291                     	;# 
   103  0291                     	;# 
   104  0292                     	;# 
   105  0293                     	;# 
   106  0294                     	;# 
   107  0295                     	;# 
   108  0295                     	;# 
   109  0296                     	;# 
   110  0391                     	;# 
   111  0392                     	;# 
   112  0393                     	;# 
   113  039A                     	;# 
   114  039C                     	;# 
   115  039D                     	;# 
   116  039E                     	;# 
   117  039F                     	;# 
   118  0FE4                     	;# 
   119  0FE5                     	;# 
   120  0FE6                     	;# 
   121  0FE7                     	;# 
   122  0FE8                     	;# 
   123  0FE9                     	;# 
   124  0FEA                     	;# 
   125  0FEB                     	;# 
   126  0FED                     	;# 
   127  0FEE                     	;# 
   128  0FEF                     	;# 
   129  000B                     _INTCONbits	set	11
   130  0011                     _PIR1	set	17
   131  0011                     _PIR1bits	set	17
   132  0012                     _PIR2	set	18
   133  000C                     _PORTAbits	set	12
   134  008B                     _SSP1IF	set	139
   135  0099                     _OSCCONbits	set	153
   136  0091                     _PIE1bits	set	145
   137  008C                     _TRISA	set	140
   138  018C                     _ANSELA	set	396
   139  0212                     _SSP1ADD	set	530
   140  0211                     _SSP1BUF	set	529
   141  0215                     _SSP1CON1bits	set	533
   142  0216                     _SSP1CON2bits	set	534
   143  0217                     _SSP1CON3bits	set	535
   144  0214                     _SSPSTATbits	set	532
   145  10AC                     _CKP	set	4268
   146                           
   147                           ; #config settings
   148  0000                     
   149                           	psect	cinit
   150  003A                     start_initialization:	
   151  003A                     __initialization:	
   152                           
   153                           ; Clear objects allocated to COMMON
   154  003A  01F4               	clrf	__pbssCOMMON& (0+127)
   155  003B  01F5               	clrf	(__pbssCOMMON+1)& (0+127)
   156                           
   157                           ; Clear objects allocated to BANK0
   158  003C  01AC               	clrf	__pbssBANK0& (0+127)
   159  003D  01AD               	clrf	(__pbssBANK0+1)& (0+127)
   160  003E  01AE               	clrf	(__pbssBANK0+2)& (0+127)
   161  003F                     end_of_initialization:	
   162                           ;End of C runtime variable initialization code
   163                           
   164  003F                     __end_of__initialization:	
   165  003F  107E               	bcf	int$flags,0	;clear compiler interrupt flag (level 1)
   166  0040  0020               	movlb	0
   167  0041  3180  2843         	ljmp	_main	;jump to C main() function
   168                           
   169                           	psect	bssCOMMON
   170  0074                     __pbssCOMMON:	
   171  0074                     _x:	
   172  0074                     	ds	2
   173                           
   174                           	psect	bssBANK0
   175  002C                     __pbssBANK0:	
   176  002C                     _color:	
   177  002C                     	ds	3
   178                           
   179                           	psect	cstackCOMMON
   180  0070                     __pcstackCOMMON:	
   181  0070                     ?_main:	
   182  0070                     ?_isr:	
   183                           ; 0 bytes @ 0x0
   184                           
   185  0070                     ??_isr:	
   186                           ; 0 bytes @ 0x0
   187                           
   188                           
   189                           ; 0 bytes @ 0x0
   190  0070                     	ds	2
   191  0072                     ??_main:	
   192                           
   193                           ; 0 bytes @ 0x2
   194  0072                     	ds	2
   195                           
   196                           	psect	cstackBANK0
   197  0020                     __pcstackBANK0:	
   198  0020                     main@Rx:	
   199                           
   200                           ; 2 bytes @ 0x0
   201  0020                     	ds	2
   202  0022                     main@Gx:	
   203                           
   204                           ; 2 bytes @ 0x2
   205  0022                     	ds	2
   206  0024                     main@Bx:	
   207                           
   208                           ; 2 bytes @ 0x4
   209  0024                     	ds	2
   210  0026                     main@R:	
   211                           
   212                           ; 2 bytes @ 0x6
   213  0026                     	ds	2
   214  0028                     main@G:	
   215                           
   216                           ; 2 bytes @ 0x8
   217  0028                     	ds	2
   218  002A                     main@B:	
   219                           
   220                           ; 2 bytes @ 0xA
   221  002A                     	ds	2
   222                           
   223                           	psect	maintext
   224  0043                     __pmaintext:	
   225 ;;
   226 ;;Main: autosize = 0, tempsize = 2, incstack = 0, save=0
   227 ;;
   228 ;; *************** function _main *****************
   229 ;; Defined at:
   230 ;;		line 47 in file "main.c"
   231 ;; Parameters:    Size  Location     Type
   232 ;;		None
   233 ;; Auto vars:     Size  Location     Type
   234 ;;  B               2   10[BANK0 ] int 
   235 ;;  G               2    8[BANK0 ] int 
   236 ;;  R               2    6[BANK0 ] int 
   237 ;;  Bx              2    4[BANK0 ] int 
   238 ;;  Gx              2    2[BANK0 ] int 
   239 ;;  Rx              2    0[BANK0 ] int 
   240 ;; Return value:  Size  Location     Type
   241 ;;		None               void
   242 ;; Registers used:
   243 ;;		wreg, status,2, status,0
   244 ;; Tracked objects:
   245 ;;		On entry : B1F/0
   246 ;;		On exit  : 0/0
   247 ;;		Unchanged: 0/0
   248 ;; Data sizes:     COMMON   BANK0   BANK1   BANK2
   249 ;;      Params:         0       0       0       0
   250 ;;      Locals:         0      12       0       0
   251 ;;      Temps:          2       0       0       0
   252 ;;      Totals:         2      12       0       0
   253 ;;Total ram usage:       14 bytes
   254 ;; Hardware stack levels required when called:    1
   255 ;; This function calls:
   256 ;;		Nothing
   257 ;; This function is called by:
   258 ;;		Startup code after reset
   259 ;; This function uses a non-reentrant model
   260 ;;
   261                           
   262                           
   263                           ;psect for function _main
   264  0043                     _main:	
   265                           
   266                           ;main.c: 51: int R=0; int G=0; int B=0;
   267                           
   268                           ;incstack = 0
   269                           ; Regs used in _main: [wreg+status,2+status,0]
   270  0043  0020               	movlb	0	; select bank0
   271  0044  01A6               	clrf	main@R
   272  0045  01A7               	clrf	main@R+1
   273  0046  01A8               	clrf	main@G
   274  0047  01A9               	clrf	main@G+1
   275  0048  01AA               	clrf	main@B
   276  0049  01AB               	clrf	main@B+1
   277                           
   278                           ;main.c: 52: int Rx=0; int Gx=0; int Bx=0;
   279  004A  01A0               	clrf	main@Rx
   280  004B  01A1               	clrf	main@Rx+1
   281  004C  01A2               	clrf	main@Gx
   282  004D  01A3               	clrf	main@Gx+1
   283  004E  01A4               	clrf	main@Bx
   284  004F  01A5               	clrf	main@Bx+1
   285                           
   286                           ;main.c: 57: OSCCONbits.SCS=0;
   287  0050  30FC               	movlw	-4
   288  0051  0021               	movlb	1	; select bank1
   289  0052  0599               	andwf	25,f	;volatile
   290                           
   291                           ;main.c: 58: OSCCONbits.IRCF=0b1110;
   292  0053  0819               	movf	25,w	;volatile
   293  0054  3987               	andlw	-121
   294  0055  3870               	iorlw	112
   295  0056  0099               	movwf	25	;volatile
   296                           
   297                           ;main.c: 66: TRISA=0b00001110;
   298  0057  300E               	movlw	14
   299  0058  008C               	movwf	12	;volatile
   300                           
   301                           ;main.c: 67: ANSELA=0b00000000;
   302  0059  0023               	movlb	3	; select bank3
   303  005A  018C               	clrf	12	;volatile
   304                           
   305                           ;main.c: 72: SSPSTATbits.CKE=1;
   306  005B  0024               	movlb	4	; select bank4
   307  005C  1714               	bsf	20,6	;volatile
   308                           
   309                           ;main.c: 73: SSP1CON1bits.SSPM=0b0110;
   310  005D  0815               	movf	21,w	;volatile
   311  005E  39F0               	andlw	-16
   312  005F  3806               	iorlw	6
   313  0060  0095               	movwf	21	;volatile
   314                           
   315                           ;main.c: 74: SSP1CON2bits.GCEN=1;
   316  0061  1796               	bsf	22,7	;volatile
   317                           
   318                           ;main.c: 75: SSP1CON2bits.SEN=1;
   319  0062  1416               	bsf	22,0	;volatile
   320                           
   321                           ;main.c: 76: SSP1CON3bits.PCIE=0;
   322  0063  1317               	bcf	23,6	;volatile
   323                           
   324                           ;main.c: 77: SSP1CON3bits.BOEN=0;
   325  0064  1217               	bcf	23,4	;volatile
   326                           
   327                           ;main.c: 78: SSP1ADD=0xA2;
   328  0065  30A2               	movlw	162
   329  0066  0092               	movwf	18	;volatile
   330                           
   331                           ;main.c: 83: PIE1bits.SSP1IE=1;
   332  0067  0021               	movlb	1	; select bank1
   333  0068  1591               	bsf	17,3	;volatile
   334                           
   335                           ;main.c: 84: PIR1=0x00;
   336  0069  0020               	movlb	0	; select bank0
   337  006A  0191               	clrf	17	;volatile
   338                           
   339                           ;main.c: 85: PIR2=0x00;
   340  006B  0192               	clrf	18	;volatile
   341                           
   342                           ;main.c: 86: INTCONbits.PEIE=1;
   343  006C  170B               	bsf	11,6	;volatile
   344                           
   345                           ;main.c: 88: SSP1CON1bits.SSPEN=1;
   346  006D  0024               	movlb	4	; select bank4
   347  006E  1695               	bsf	21,5	;volatile
   348                           
   349                           ;main.c: 94: PORTAbits.RA0=1; PORTAbits.RA5=1; PORTAbits.RA4=1;
   350  006F  0020               	movlb	0	; select bank0
   351  0070  140C               	bsf	12,0	;volatile
   352  0071  168C               	bsf	12,5	;volatile
   353  0072  160C               	bsf	12,4	;volatile
   354  0073                     l665:	
   355                           ;main.c: 95: while(1) {
   356                           
   357                           
   358                           ;main.c: 96: R=color[0];
   359  0073  082C               	movf	_color,w
   360  0074  00F2               	movwf	??_main
   361  0075  01F3               	clrf	??_main+1
   362  0076  0872               	movf	??_main,w
   363  0077  00A6               	movwf	main@R
   364  0078  0873               	movf	??_main+1,w
   365  0079  00A7               	movwf	main@R+1
   366                           
   367                           ;main.c: 97: G=color[1];
   368  007A  082D               	movf	_color+1,w
   369  007B  00F2               	movwf	??_main
   370  007C  01F3               	clrf	??_main+1
   371  007D  0872               	movf	??_main,w
   372  007E  00A8               	movwf	main@G
   373  007F  0873               	movf	??_main+1,w
   374  0080  00A9               	movwf	main@G+1
   375                           
   376                           ;main.c: 98: B=color[2];
   377  0081  082E               	movf	_color+2,w
   378  0082  00F2               	movwf	??_main
   379  0083  01F3               	clrf	??_main+1
   380  0084  0872               	movf	??_main,w
   381  0085  00AA               	movwf	main@B
   382  0086  0873               	movf	??_main+1,w
   383  0087  00AB               	movwf	main@B+1
   384                           
   385                           ;main.c: 99: if(Rx<R)
   386  0088  0821               	movf	main@Rx+1,w
   387  0089  3A80               	xorlw	128
   388  008A  00F2               	movwf	??_main
   389  008B  0827               	movf	main@R+1,w
   390  008C  3A80               	xorlw	128
   391  008D  0272               	subwf	??_main,w
   392  008E  1D03               	skipz
   393  008F  2892               	goto	u175
   394  0090  0826               	movf	main@R,w
   395  0091  0220               	subwf	main@Rx,w
   396  0092                     u175:	
   397  0092  1803               	skipnc
   398  0093  289A               	goto	l675
   399                           
   400                           ;main.c: 100: Rx++;
   401  0094  3001               	movlw	1
   402  0095  0020               	movlb	0	; select bank0
   403  0096  07A0               	addwf	main@Rx,f
   404  0097  3000               	movlw	0
   405  0098  3DA1               	addwfc	main@Rx+1,f
   406  0099  28B4               	goto	l43
   407  009A                     l675:	
   408                           
   409                           ;main.c: 101: else {
   410                           ;main.c: 102: PORTAbits.RA0=~PORTAbits.RA0; R=254-R; Rx=0;
   411  009A  1003               	clrc
   412  009B  0020               	movlb	0	; select bank0
   413  009C  1C0C               	btfss	12,0	;volatile
   414  009D  1403               	setc
   415  009E  1C03               	btfss	3,0
   416  009F  28A3               	goto	u180
   417  00A0  0020               	movlb	0	; select bank0
   418  00A1  140C               	bsf	12,0	;volatile
   419  00A2  28A5               	goto	l677
   420  00A3                     u180:	
   421  00A3  0020               	movlb	0	; select bank0
   422  00A4  100C               	bcf	12,0	;volatile
   423  00A5                     l677:	
   424  00A5  0926               	comf	main@R,w
   425  00A6  00F2               	movwf	??_main
   426  00A7  0927               	comf	main@R+1,w
   427  00A8  00F3               	movwf	??_main+1
   428  00A9  0AF2               	incf	??_main,f
   429  00AA  1903               	skipnz
   430  00AB  0AF3               	incf	??_main+1,f
   431  00AC  0872               	movf	??_main,w
   432  00AD  3EFE               	addlw	254
   433  00AE  00A6               	movwf	main@R
   434  00AF  3000               	movlw	0
   435  00B0  3D73               	addwfc	??_main+1,w
   436  00B1  00A7               	movwf	main@R+1
   437  00B2  01A0               	clrf	main@Rx
   438  00B3  01A1               	clrf	main@Rx+1
   439  00B4                     l43:	
   440                           
   441                           ;main.c: 103: }
   442                           ;main.c: 105: if(Gx<G)
   443  00B4  0823               	movf	main@Gx+1,w
   444  00B5  3A80               	xorlw	128
   445  00B6  00F2               	movwf	??_main
   446  00B7  0829               	movf	main@G+1,w
   447  00B8  3A80               	xorlw	128
   448  00B9  0272               	subwf	??_main,w
   449  00BA  1D03               	skipz
   450  00BB  28BE               	goto	u205
   451  00BC  0828               	movf	main@G,w
   452  00BD  0222               	subwf	main@Gx,w
   453  00BE                     u205:	
   454  00BE  1803               	skipnc
   455  00BF  28C6               	goto	l683
   456                           
   457                           ;main.c: 106: Gx++;
   458  00C0  3001               	movlw	1
   459  00C1  0020               	movlb	0	; select bank0
   460  00C2  07A2               	addwf	main@Gx,f
   461  00C3  3000               	movlw	0
   462  00C4  3DA3               	addwfc	main@Gx+1,f
   463  00C5  28E0               	goto	l45
   464  00C6                     l683:	
   465                           
   466                           ;main.c: 107: else {
   467                           ;main.c: 108: PORTAbits.RA4=~PORTAbits.RA4; G=254-G; Gx=0;
   468  00C6  1003               	clrc
   469  00C7  0020               	movlb	0	; select bank0
   470  00C8  1E0C               	btfss	12,4	;volatile
   471  00C9  1403               	setc
   472  00CA  1C03               	btfss	3,0
   473  00CB  28CF               	goto	u210
   474  00CC  0020               	movlb	0	; select bank0
   475  00CD  160C               	bsf	12,4	;volatile
   476  00CE  28D1               	goto	l685
   477  00CF                     u210:	
   478  00CF  0020               	movlb	0	; select bank0
   479  00D0  120C               	bcf	12,4	;volatile
   480  00D1                     l685:	
   481  00D1  0928               	comf	main@G,w
   482  00D2  00F2               	movwf	??_main
   483  00D3  0929               	comf	main@G+1,w
   484  00D4  00F3               	movwf	??_main+1
   485  00D5  0AF2               	incf	??_main,f
   486  00D6  1903               	skipnz
   487  00D7  0AF3               	incf	??_main+1,f
   488  00D8  0872               	movf	??_main,w
   489  00D9  3EFE               	addlw	254
   490  00DA  00A8               	movwf	main@G
   491  00DB  3000               	movlw	0
   492  00DC  3D73               	addwfc	??_main+1,w
   493  00DD  00A9               	movwf	main@G+1
   494  00DE  01A2               	clrf	main@Gx
   495  00DF  01A3               	clrf	main@Gx+1
   496  00E0                     l45:	
   497                           
   498                           ;main.c: 109: }
   499                           ;main.c: 111: if(Bx<B)
   500  00E0  0825               	movf	main@Bx+1,w
   501  00E1  3A80               	xorlw	128
   502  00E2  00F2               	movwf	??_main
   503  00E3  082B               	movf	main@B+1,w
   504  00E4  3A80               	xorlw	128
   505  00E5  0272               	subwf	??_main,w
   506  00E6  1D03               	skipz
   507  00E7  28EA               	goto	u235
   508  00E8  082A               	movf	main@B,w
   509  00E9  0224               	subwf	main@Bx,w
   510  00EA                     u235:	
   511  00EA  1803               	skipnc
   512  00EB  28F2               	goto	l691
   513                           
   514                           ;main.c: 112: Bx++;
   515  00EC  3001               	movlw	1
   516  00ED  0020               	movlb	0	; select bank0
   517  00EE  07A4               	addwf	main@Bx,f
   518  00EF  3000               	movlw	0
   519  00F0  3DA5               	addwfc	main@Bx+1,f
   520  00F1  2873               	goto	l665
   521  00F2                     l691:	
   522                           
   523                           ;main.c: 113: else {
   524                           ;main.c: 114: PORTAbits.RA5=~PORTAbits.RA5; B=254-B; Bx=0;
   525  00F2  1003               	clrc
   526  00F3  0020               	movlb	0	; select bank0
   527  00F4  1E8C               	btfss	12,5	;volatile
   528  00F5  1403               	setc
   529  00F6  1C03               	btfss	3,0
   530  00F7  28FB               	goto	u240
   531  00F8  0020               	movlb	0	; select bank0
   532  00F9  168C               	bsf	12,5	;volatile
   533  00FA  28FD               	goto	l693
   534  00FB                     u240:	
   535  00FB  0020               	movlb	0	; select bank0
   536  00FC  128C               	bcf	12,5	;volatile
   537  00FD                     l693:	
   538  00FD  092A               	comf	main@B,w
   539  00FE  00F2               	movwf	??_main
   540  00FF  092B               	comf	main@B+1,w
   541  0100  00F3               	movwf	??_main+1
   542  0101  0AF2               	incf	??_main,f
   543  0102  1903               	skipnz
   544  0103  0AF3               	incf	??_main+1,f
   545  0104  0872               	movf	??_main,w
   546  0105  3EFE               	addlw	254
   547  0106  00AA               	movwf	main@B
   548  0107  3000               	movlw	0
   549  0108  3D73               	addwfc	??_main+1,w
   550  0109  00AB               	movwf	main@B+1
   551  010A  01A4               	clrf	main@Bx
   552  010B  01A5               	clrf	main@Bx+1
   553  010C  2873               	goto	l665
   554  010D                     l50:	
   555                           ;main.c: 115: }
   556                           ;main.c: 116: }
   557                           ;main.c: 118: while(1);
   558                           
   559  010D  290D               	goto	l50
   560  010E                     __end_of_main:	
   561                           
   562                           	psect	intentry
   563  0004                     __pintentry:	
   564 ;; *************** function _isr *****************
   565 ;; Defined at:
   566 ;;		line 124 in file "main.c"
   567 ;; Parameters:    Size  Location     Type
   568 ;;		None
   569 ;; Auto vars:     Size  Location     Type
   570 ;;		None
   571 ;; Return value:  Size  Location     Type
   572 ;;		None               void
   573 ;; Registers used:
   574 ;;		wreg, fsr1l, fsr1h, status,2, status,0
   575 ;; Tracked objects:
   576 ;;		On entry : 0/0
   577 ;;		On exit  : 0/0
   578 ;;		Unchanged: 0/0
   579 ;; Data sizes:     COMMON   BANK0   BANK1   BANK2
   580 ;;      Params:         0       0       0       0
   581 ;;      Locals:         0       0       0       0
   582 ;;      Temps:          2       0       0       0
   583 ;;      Totals:         2       0       0       0
   584 ;;Total ram usage:        2 bytes
   585 ;; Hardware stack levels used:    1
   586 ;; This function calls:
   587 ;;		Nothing
   588 ;; This function is called by:
   589 ;;		Interrupt level 1
   590 ;; This function uses a non-reentrant model
   591 ;;
   592                           
   593  0004                     _isr:	
   594                           
   595                           ;incstack = 0
   596                           ; Regs used in _isr: [wreg+fsr1l+fsr1h+status,2+status,0]
   597  0004  147E               	bsf	126,0	;set compiler interrupt flag (level 1)
   598  0005  3180               	pagesel	$
   599  0006  0020               	movlb	0	; select bank0
   600  0007  087F               	movf	127,w
   601  0008  00F1               	movwf	??_isr+1
   602                           
   603                           ;main.c: 125: if(PIR1bits.SSP1IF==1) {
   604  0009  1D91               	btfss	17,3	;volatile
   605  000A  2831               	goto	i1l713
   606  000B                     i1l67:	
   607                           
   608                           ;main.c: 140: SSP1IF=0;
   609  000B  1191               	bcf	17,3	;volatile
   610  000C                     i1l57:	
   611  000C  0024               	movlb	4	; select bank4
   612  000D  1A14               	btfsc	20,4	;volatile
   613  000E  2831               	goto	i1l713
   614                           
   615                           ;main.c: 128: if(SSPSTATbits.D_nA==0){
   616                           
   617                           ;main.c: 127: while(SSPSTATbits.P==0){
   618                           
   619                           ;main.c: 126: SSP1IF=0;
   620  000F  1A94               	btfsc	20,5	;volatile
   621  0010  2816               	goto	i1l59
   622                           
   623                           ;main.c: 129: CKP=1;
   624  0011  1615               	bsf	21,4	;volatile
   625  0012                     i1l60:	
   626                           ;main.c: 130: while(SSP1IF==0);
   627                           
   628  0012  0020               	movlb	0	; select bank0
   629  0013  1D91               	btfss	17,3	;volatile
   630  0014  2812               	goto	i1l60
   631                           
   632                           ;main.c: 131: SSP1IF=0;
   633  0015  1191               	bcf	17,3	;volatile
   634  0016                     i1l59:	
   635                           
   636                           ;main.c: 132: }
   637                           ;main.c: 133: if(SSPSTATbits.D_nA==1) {
   638  0016  0024               	movlb	4	; select bank4
   639  0017  1E94               	btfss	20,5	;volatile
   640  0018  280C               	goto	i1l57
   641                           
   642                           ;main.c: 134: color[x]=SSP1BUF;
   643  0019  0811               	movf	17,w	;volatile
   644  001A  00F0               	movwf	??_isr
   645  001B  0874               	movf	_x,w
   646  001C  3E2C               	addlw	(low (_color| 0))& (0+255)
   647  001D  0086               	movwf	6
   648  001E  0187               	clrf	7
   649  001F  0870               	movf	??_isr,w
   650  0020  0081               	movwf	1
   651                           
   652                           ;main.c: 135: CKP=1;
   653  0021  1615               	bsf	21,4	;volatile
   654                           
   655                           ;main.c: 136: x++;
   656  0022  3001               	movlw	1
   657  0023  07F4               	addwf	_x,f
   658  0024  3000               	movlw	0
   659  0025  3DF5               	addwfc	_x+1,f
   660                           
   661                           ;main.c: 137: if(x==3)
   662  0026  3003               	movlw	3
   663  0027  0674               	xorwf	_x,w
   664  0028  0475               	iorwf	_x+1,w
   665  0029  1D03               	btfss	3,2
   666  002A  282D               	goto	i1l65
   667                           
   668                           ;main.c: 138: x=0;
   669  002B  01F4               	clrf	_x
   670  002C  01F5               	clrf	_x+1
   671  002D                     i1l65:	
   672                           ;main.c: 139: while(SSP1IF==0);
   673                           
   674  002D  0020               	movlb	0	; select bank0
   675  002E  1991               	btfsc	17,3	;volatile
   676  002F  280B               	goto	i1l67
   677  0030  282D               	goto	i1l65
   678  0031                     i1l713:	
   679                           
   680                           ;main.c: 141: }
   681                           ;main.c: 142: }
   682                           ;main.c: 143: }
   683                           ;main.c: 145: x=0;
   684  0031  01F4               	clrf	_x
   685  0032  01F5               	clrf	_x+1
   686                           
   687                           ;main.c: 146: return;
   688  0033  0871               	movf	??_isr+1,w
   689  0034  0020               	movlb	0	; select bank0
   690  0035  00FF               	movwf	127
   691  0036  107E               	bcf	126,0	;clear compiler interrupt flag (level 1)
   692  0037  0009               	retfie
   693  0038                     __end_of_isr:	
   694  007E                     btemp	set	126	;btemp
   695  007E                     int$flags	set	126
   696  007E                     wtemp	set	126
   697  007E                     wtemp0	set	126
   698  0080                     wtemp1	set	128
   699  0082                     wtemp2	set	130
   700  0084                     wtemp3	set	132
   701  0086                     wtemp4	set	134
   702  0088                     wtemp5	set	136
   703  007F                     wtemp6	set	127
   704  007E                     ttemp	set	126
   705  007E                     ttemp0	set	126
   706  0081                     ttemp1	set	129
   707  0084                     ttemp2	set	132
   708  0087                     ttemp3	set	135
   709  007F                     ttemp4	set	127
   710  007E                     ltemp	set	126
   711  007E                     ltemp0	set	126
   712  0082                     ltemp1	set	130
   713  0086                     ltemp2	set	134
   714  0080                     ltemp3	set	128


Data Sizes:
    Strings     0
    Constant    0
    Data        0
    BSS         5
    Persistent  0
    Stack       0

Auto Spaces:
    Space          Size  Autos    Used
    COMMON           14      4       6
    BANK0            80     12      15
    BANK1            80      0       0
    BANK2            80      0       0

Pointer List with Targets:

    None.

Critical Paths under _main in COMMON

    None.

Critical Paths under _isr in COMMON

    None.

Critical Paths under _main in BANK0

    None.

Critical Paths under _isr in BANK0

    None.

Critical Paths under _main in BANK1

    None.

Critical Paths under _isr in BANK1

    None.

Critical Paths under _main in BANK2

    None.

Critical Paths under _isr in BANK2

    None.

Call Graph Tables:

 ---------------------------------------------------------------------------------
 (Depth) Function   	        Calls       Base Space   Used Autos Params    Refs
 ---------------------------------------------------------------------------------
 (0) _main                                                14    14      0     216
                                              2 COMMON     2     2      0
                                              0 BANK0     12    12      0
 ---------------------------------------------------------------------------------
 Estimated maximum stack depth 0
 ---------------------------------------------------------------------------------
 (Depth) Function   	        Calls       Base Space   Used Autos Params    Refs
 ---------------------------------------------------------------------------------
 (1) _isr                                                  2     2      0       0
                                              0 COMMON     2     2      0
 ---------------------------------------------------------------------------------
 Estimated maximum stack depth 1
 ---------------------------------------------------------------------------------

 Call Graph Graphs:

 _main (ROOT)

 _isr (ROOT)

 Address spaces:
Name               Size   Autos  Total    Cost      Usage
BIGRAM              F0      0       0       0        0.0%
EEDATA             100      0       0       0        0.0%
NULL                 0      0       0       0        0.0%
CODE                 0      0       0       0        0.0%
BITCOMMON            E      0       0       1        0.0%
BITSFR0              0      0       0       1        0.0%
SFR0                 0      0       0       1        0.0%
COMMON               E      4       6       2       42.9%
BITSFR1              0      0       0       2        0.0%
SFR1                 0      0       0       2        0.0%
BITSFR2              0      0       0       3        0.0%
SFR2                 0      0       0       3        0.0%
STACK                0      0       0       3        0.0%
BITSFR3              0      0       0       4        0.0%
SFR3                 0      0       0       4        0.0%
ABS                  0      0      15       4        0.0%
BITBANK0            50      0       0       5        0.0%
BITSFR4              0      0       0       5        0.0%
SFR4                 0      0       0       5        0.0%
BANK0               50      C       F       6       18.8%
BITSFR5              0      0       0       6        0.0%
SFR5                 0      0       0       6        0.0%
BITBANK1            50      0       0       7        0.0%
BITSFR6              0      0       0       7        0.0%
SFR6                 0      0       0       7        0.0%
BANK1               50      0       0       8        0.0%
BITSFR7              0      0       0       8        0.0%
SFR7                 0      0       0       8        0.0%
BITBANK2            50      0       0       9        0.0%
BITSFR8              0      0       0       9        0.0%
SFR8                 0      0       0       9        0.0%
BANK2               50      0       0      10        0.0%
BITSFR9              0      0       0      10        0.0%
SFR9                 0      0       0      10        0.0%
BITSFR10             0      0       0      11        0.0%
SFR10                0      0       0      11        0.0%
DATA                 0      0      15      11        0.0%
BITSFR11             0      0       0      12        0.0%
SFR11                0      0       0      12        0.0%
BITSFR12             0      0       0      13        0.0%
SFR12                0      0       0      13        0.0%
BITSFR13             0      0       0      14        0.0%
SFR13                0      0       0      14        0.0%
BITSFR14             0      0       0      15        0.0%
SFR14                0      0       0      15        0.0%
BITSFR15             0      0       0      16        0.0%
SFR15                0      0       0      16        0.0%
BITSFR16             0      0       0      17        0.0%
SFR16                0      0       0      17        0.0%
BITSFR17             0      0       0      18        0.0%
SFR17                0      0       0      18        0.0%
BITSFR18             0      0       0      19        0.0%
SFR18                0      0       0      19        0.0%
BITSFR19             0      0       0      20        0.0%
SFR19                0      0       0      20        0.0%
BITSFR20             0      0       0      21        0.0%
SFR20                0      0       0      21        0.0%
BITSFR21             0      0       0      22        0.0%
SFR21                0      0       0      22        0.0%
BITSFR22             0      0       0      23        0.0%
SFR22                0      0       0      23        0.0%
BITSFR23             0      0       0      24        0.0%
SFR23                0      0       0      24        0.0%
BITSFR24             0      0       0      25        0.0%
SFR24                0      0       0      25        0.0%
BITSFR25             0      0       0      26        0.0%
SFR25                0      0       0      26        0.0%
BITSFR26             0      0       0      27        0.0%
SFR26                0      0       0      27        0.0%
BITSFR27             0      0       0      28        0.0%
SFR27                0      0       0      28        0.0%
BITSFR28             0      0       0      29        0.0%
SFR28                0      0       0      29        0.0%
BITSFR29             0      0       0      30        0.0%
SFR29                0      0       0      30        0.0%
BITSFR30             0      0       0      31        0.0%
SFR30                0      0       0      31        0.0%
BITSFR31             0      0       0      32        0.0%
SFR31                0      0       0      32        0.0%


Microchip Technology PIC Macro Assembler V1.35 build -356382666 
Symbol Table                                                                                   Mon Jan 25 14:27:36 2016

                      _x 0074              __CFG_CP$OFF 0000              _SSPSTATbits 0214  
                     l50 010D                       l43 00B4                       l45 00E0  
                    l665 0073                      l691 00F2                      l683 00C6  
                    l675 009A                      l693 00FD                      l685 00D1  
                    l677 00A5                      _CKP 10AC                      u210 00CF  
                    u205 00BE                      u240 00FB                      u235 00EA  
                    u180 00A3                      u175 0092             __CFG_CPD$OFF 0000  
                    _isr 0004                     ?_isr 0070                     i1l60 0012  
                   i1l65 002D                     i1l57 000C                     _PIR1 0011  
                   _PIR2 0012                     i1l67 000B                     i1l59 0016  
                   _main 0043                     fsr1h 0007                     indf1 0001  
                   fsr1l 0006                     btemp 007E                     ltemp 007E  
                   start 0038                     ttemp 007E                     wtemp 007E  
          __CFG_IESO$OFF 0000            __CFG_MCLRE$ON 0000                    ??_isr 0070  
          __CFG_PLLEN$ON 0000                    ?_main 0070            __CFG_WDTE$OFF 0000  
                  i1l713 0031                    _TRISA 008C            __CFG_PWRTE$ON 0000  
         __CFG_FCMEN$OFF 0000                    _color 002C                    main@B 002A  
                  main@G 0028                    main@R 0026           __CFG_BOREN$OFF 0000  
                  ltemp0 007E                    ltemp1 0082                    ltemp2 0086  
                  ltemp3 0080                    ttemp0 007E                    ttemp1 0081  
                  ttemp2 0084                    ttemp3 0087                    ttemp4 007F  
                  status 0003                    wtemp0 007E                    wtemp1 0080  
                  wtemp2 0082                    wtemp3 0084                    wtemp4 0086  
                  wtemp5 0088                    wtemp6 007F          __initialization 003A  
           __end_of_main 010E                   ??_main 0072                   _ANSELA 018C  
                 _SSP1IF 008B                   main@Bx 0024                   main@Gx 0022  
                 main@Rx 0020  __end_of__initialization 003F           __pcstackCOMMON 0070  
             __pbssBANK0 002C               __pmaintext 0043               __pintentry 0004  
                _SSP1ADD 0212                  _SSP1BUF 0211             __size_of_isr 0034  
   end_of_initialization 003F                _PORTAbits 000C         __CFG_FOSC$INTOSC 0000  
    start_initialization 003A              __end_of_isr 0038              __pbssCOMMON 0074  
              ___latbits 0001            __pcstackBANK0 0020                 _PIE1bits 0091  
               _PIR1bits 0011             _SSP1CON1bits 0215             _SSP1CON2bits 0216  
           _SSP1CON3bits 0217            __size_of_main 00CB                 int$flags 007E  
             _INTCONbits 000B                 intlevel1 0000        __CFG_CLKOUTEN$OFF 0000  
             _OSCCONbits 0099  
